#
# There is insufficient memory for the Java Runtime Environment to continue.
# Native memory allocation (malloc) failed to allocate 1806576 bytes for Chunk::new
# Possible reasons:
#   The system is out of physical RAM or swap space
#   In 32 bit mode, the process size limit was hit
# Possible solutions:
#   Reduce memory load on the system
#   Increase physical memory or swap space
#   Check if swap backing store is full
#   Use 64 bit Java on a 64 bit OS
#   Decrease Java heap size (-Xmx/-Xms)
#   Decrease number of Java threads
#   Decrease Java thread stack sizes (-Xss)
#   Set larger code cache with -XX:ReservedCodeCacheSize=
# This output file may be truncated or incomplete.
#
#  Out of Memory Error (allocation.cpp:390), pid=7096, tid=0x0000000000002e74
#
# JRE version: OpenJDK Runtime Environment (8.0_152-b01) (build 1.8.0_152-release-1248-b01)
# Java VM: OpenJDK 64-Bit Server VM (25.152-b01 mixed mode windows-amd64 compressed oops)
# Failed to write core dump. Minidumps are not enabled by default on client versions of Windows
#

---------------  T H R E A D  ---------------

Current thread (0x00000000165a1000):  JavaThread "C2 CompilerThread1" daemon [_thread_in_native, id=11892, stack(0x0000000017d20000,0x0000000017e20000)]

Stack: [0x0000000017d20000,0x0000000017e20000]
[error occurred during error reporting (printing stack bounds), id 0xc0000005]

Native frames: (J=compiled Java code, j=interpreted, Vv=VM code, C=native code)


Current CompileTask:
C2:   3908 1401   !   4       java.net.URLClassLoader$1::run (63 bytes)


---------------  P R O C E S S  ---------------

Java Threads: ( => current thread )
  0x0000000019639800 JavaThread "Cache worker for journal cache (C:\Users\Jorge\.gradle\caches\journal-1)" [_thread_blocked, id=11856, stack(0x000000001d230000,0x000000001d330000)]
  0x000000001b06e000 JavaThread "File lock request listener" [_thread_in_native, id=7152, stack(0x000000001c060000,0x000000001c160000)]
  0x0000000019c84800 JavaThread "Cache worker for file hash cache (C:\Users\Jorge\.gradle\caches\4.10.1\fileHashes)" [_thread_blocked, id=2936, stack(0x000000001bf60000,0x000000001c060000)]
  0x0000000019540000 JavaThread "Stdin handler" [_thread_blocked, id=9764, stack(0x000000001ac90000,0x000000001ad90000)]
  0x000000001953c000 JavaThread "Asynchronous log dispatcher for DefaultDaemonConnection: socket connection from /127.0.0.1:58317 to /127.0.0.1:58318" [_thread_blocked, id=11556, stack(0x000000001ab90000,0x000000001ac90000)]
  0x0000000019397000 JavaThread "Daemon worker" [_thread_in_native, id=11248, stack(0x000000001aa90000,0x000000001ab90000)]
  0x0000000019395800 JavaThread "Cancel handler" [_thread_blocked, id=10824, stack(0x000000001a990000,0x000000001aa90000)]
  0x0000000019532800 JavaThread "Handler for socket connection from /127.0.0.1:58317 to /127.0.0.1:58318" [_thread_in_native, id=4356, stack(0x000000001a690000,0x000000001a790000)]
  0x0000000019288800 JavaThread "Daemon" [_thread_blocked, id=4756, stack(0x000000001a590000,0x000000001a690000)]
  0x0000000019285000 JavaThread "Daemon periodic checks" [_thread_blocked, id=9940, stack(0x000000001a490000,0x000000001a590000)]
  0x00000000194c5000 JavaThread "Incoming local TCP Connector on port 58317" [_thread_in_native, id=9096, stack(0x000000001a230000,0x000000001a330000)]
  0x0000000017f49800 JavaThread "Service Thread" daemon [_thread_blocked, id=10568, stack(0x0000000018320000,0x0000000018420000)]
  0x00000000165a7000 JavaThread "C1 CompilerThread2" daemon [_thread_blocked, id=10444, stack(0x0000000017e20000,0x0000000017f20000)]
=>0x00000000165a1000 JavaThread "C2 CompilerThread1" daemon [_thread_in_native, id=11892, stack(0x0000000017d20000,0x0000000017e20000)]
  0x000000001659c000 JavaThread "C2 CompilerThread0" daemon [_thread_in_native, id=6428, stack(0x0000000017c20000,0x0000000017d20000)]
  0x000000001659a800 JavaThread "Attach Listener" daemon [_thread_blocked, id=10132, stack(0x0000000017b20000,0x0000000017c20000)]
  0x0000000016599800 JavaThread "Signal Dispatcher" daemon [_thread_blocked, id=12084, stack(0x0000000017a20000,0x0000000017b20000)]
  0x0000000002c2c000 JavaThread "Finalizer" daemon [_thread_blocked, id=9884, stack(0x0000000017800000,0x0000000017900000)]
  0x0000000002c21000 JavaThread "Reference Handler" daemon [_thread_blocked, id=2392, stack(0x0000000017700000,0x0000000017800000)]
  0x0000000002aee000 JavaThread "main" [_thread_blocked, id=9956, stack(0x0000000002930000,0x0000000002a30000)]

Other Threads:
  0x0000000016567800 VMThread [stack: 0x0000000017600000,0x0000000017700000] [id=1544]
  0x0000000017f4a000 WatcherThread [stack: 0x0000000018420000,0x0000000018520000] [id=9872]

VM state:not at safepoint (normal execution)

VM Mutex/Monitor currently owned by a thread: None

Heap:
 PSYoungGen      total 38400K, used 17717K [0x00000000e0000000, 0x00000000e2a80000, 0x0000000100000000)
  eden space 33280K, 37% used [0x00000000e0000000,0x00000000e0c514b8,0x00000000e2080000)
  from space 5120K, 99% used [0x00000000e2580000,0x00000000e2a7c030,0x00000000e2a80000)
  to   space 5120K, 0% used [0x00000000e2080000,0x00000000e2080000,0x00000000e2580000)
 ParOldGen       total 87552K, used 5278K [0x00000000a0000000, 0x00000000a5580000, 0x00000000e0000000)
  object space 87552K, 6% used [0x00000000a0000000,0x00000000a0527888,0x00000000a5580000)
 Metaspace       used 18027K, capacity 18444K, committed 18688K, reserved 1064960K
  class space    used 2609K, capacity 2756K, committed 2816K, reserved 1048576K

Card table byte_map: [0x0000000011ff0000,0x0000000012300000] byte_map_base: 0x0000000011af0000

Marking Bits: (ParMarkBitMap*) 0x0000000059155aa0
 Begin Bits: [0x0000000012900000, 0x0000000014100000)
 End Bits:   [0x0000000014100000, 0x0000000015900000)

Polling page: 0x0000000002a30000

CodeCache: size=245760Kb used=5388Kb max_used=5388Kb free=240371Kb
 bounds [0x0000000002c30000, 0x0000000003180000, 0x0000000011c30000]
 total_blobs=1991 nmethods=1594 adapters=310
 compilation: enabled

Compilation events (10 events):
Event: 3.859 Thread 0x00000000165a7000 1599       3       java.util.concurrent.locks.ReentrantLock::lock (8 bytes)
Event: 3.859 Thread 0x00000000165a7000 nmethod 1599 0x000000000316d4d0 code [0x000000000316d640, 0x000000000316d868]
Event: 3.859 Thread 0x00000000165a7000 1598       3       org.gradle.internal.dispatch.MethodInvocation::<init> (25 bytes)
Event: 3.859 Thread 0x00000000165a7000 nmethod 1598 0x000000000316d910 code [0x000000000316da80, 0x000000000316dcb0]
Event: 3.859 Thread 0x00000000165a7000 1600  s!   3       org.gradle.internal.service.DefaultServiceRegistry$ManagedObjectServiceProvider::stop (59 bytes)
Event: 3.860 Thread 0x00000000165a7000 nmethod 1600 0x000000000316dd50 code [0x000000000316df80, 0x000000000316ebf8]
Event: 3.891 Thread 0x00000000165a7000 1601       3       org.gradle.internal.logging.console.StyledTextOutputBackedRenderer::onOutput (260 bytes)
Event: 3.895 Thread 0x00000000165a7000 nmethod 1601 0x000000000316f310 code [0x000000000316f780, 0x00000000031729d8]
Event: 3.898 Thread 0x00000000165a7000 1602       3       java.util.AbstractQueue::clear (11 bytes)
Event: 3.899 Thread 0x00000000165a7000 nmethod 1602 0x0000000003173e50 code [0x0000000003173fc0, 0x0000000003174288]

GC Heap History (8 events):
Event: 0.978 GC heap before
{Heap before GC invocations=1 (full 0):
 PSYoungGen      total 38400K, used 33280K [0x00000000e0000000, 0x00000000e2a80000, 0x0000000100000000)
  eden space 33280K, 100% used [0x00000000e0000000,0x00000000e2080000,0x00000000e2080000)
  from space 5120K, 0% used [0x00000000e2580000,0x00000000e2580000,0x00000000e2a80000)
  to   space 5120K, 0% used [0x00000000e2080000,0x00000000e2080000,0x00000000e2580000)
 ParOldGen       total 87552K, used 0K [0x00000000a0000000, 0x00000000a5580000, 0x00000000e0000000)
  object space 87552K, 0% used [0x00000000a0000000,0x00000000a0000000,0x00000000a5580000)
 Metaspace       used 6839K, capacity 7034K, committed 7296K, reserved 1056768K
  class space    used 835K, capacity 879K, committed 896K, reserved 1048576K
Event: 0.986 GC heap after
Heap after GC invocations=1 (full 0):
 PSYoungGen      total 38400K, used 4117K [0x00000000e0000000, 0x00000000e2a80000, 0x0000000100000000)
  eden space 33280K, 0% used [0x00000000e0000000,0x00000000e0000000,0x00000000e2080000)
  from space 5120K, 80% used [0x00000000e2080000,0x00000000e2485510,0x00000000e2580000)
  to   space 5120K, 0% used [0x00000000e2580000,0x00000000e2580000,0x00000000e2a80000)
 ParOldGen       total 87552K, used 8K [0x00000000a0000000, 0x00000000a5580000, 0x00000000e0000000)
  object space 87552K, 0% used [0x00000000a0000000,0x00000000a0002000,0x00000000a5580000)
 Metaspace       used 6839K, capacity 7034K, committed 7296K, reserved 1056768K
  class space    used 835K, capacity 879K, committed 896K, reserved 1048576K
}
Event: 1.769 GC heap before
{Heap before GC invocations=2 (full 0):
 PSYoungGen      total 38400K, used 37397K [0x00000000e0000000, 0x00000000e2a80000, 0x0000000100000000)
  eden space 33280K, 100% used [0x00000000e0000000,0x00000000e2080000,0x00000000e2080000)
  from space 5120K, 80% used [0x00000000e2080000,0x00000000e2485510,0x00000000e2580000)
  to   space 5120K, 0% used [0x00000000e2580000,0x00000000e2580000,0x00000000e2a80000)
 ParOldGen       total 87552K, used 8K [0x00000000a0000000, 0x00000000a5580000, 0x00000000e0000000)
  object space 87552K, 0% used [0x00000000a0000000,0x00000000a0002000,0x00000000a5580000)
 Metaspace       used 9815K, capacity 10056K, committed 10112K, reserved 1058816K
  class space    used 1311K, capacity 1392K, committed 1408K, reserved 1048576K
Event: 1.776 GC heap after
Heap after GC invocations=2 (full 0):
 PSYoungGen      total 38400K, used 5091K [0x00000000e0000000, 0x00000000e2a80000, 0x0000000100000000)
  eden space 33280K, 0% used [0x00000000e0000000,0x00000000e0000000,0x00000000e2080000)
  from space 5120K, 99% used [0x00000000e2580000,0x00000000e2a78d40,0x00000000e2a80000)
  to   space 5120K, 0% used [0x00000000e2080000,0x00000000e2080000,0x00000000e2580000)
 ParOldGen       total 87552K, used 16K [0x00000000a0000000, 0x00000000a5580000, 0x00000000e0000000)
  object space 87552K, 0% used [0x00000000a0000000,0x00000000a0004000,0x00000000a5580000)
 Metaspace       used 9815K, capacity 10056K, committed 10112K, reserved 1058816K
  class space    used 1311K, capacity 1392K, committed 1408K, reserved 1048576K
}
Event: 2.988 GC heap before
{Heap before GC invocations=3 (full 0):
 PSYoungGen      total 38400K, used 38371K [0x00000000e0000000, 0x00000000e2a80000, 0x0000000100000000)
  eden space 33280K, 100% used [0x00000000e0000000,0x00000000e2080000,0x00000000e2080000)
  from space 5120K, 99% used [0x00000000e2580000,0x00000000e2a78d40,0x00000000e2a80000)
  to   space 5120K, 0% used [0x00000000e2080000,0x00000000e2080000,0x00000000e2580000)
 ParOldGen       total 87552K, used 16K [0x00000000a0000000, 0x00000000a5580000, 0x00000000e0000000)
  object space 87552K, 0% used [0x00000000a0000000,0x00000000a0004000,0x00000000a5580000)
 Metaspace       used 13613K, capacity 14042K, committed 14208K, reserved 1060864K
  class space    used 1917K, capacity 2063K, committed 2176K, reserved 1048576K
Event: 2.998 GC heap after
Heap after GC invocations=3 (full 0):
 PSYoungGen      total 38400K, used 5104K [0x00000000e0000000, 0x00000000e2a80000, 0x0000000100000000)
  eden space 33280K, 0% used [0x00000000e0000000,0x00000000e0000000,0x00000000e2080000)
  from space 5120K, 99% used [0x00000000e2080000,0x00000000e257c030,0x00000000e2580000)
  to   space 5120K, 0% used [0x00000000e2580000,0x00000000e2580000,0x00000000e2a80000)
 ParOldGen       total 87552K, used 2040K [0x00000000a0000000, 0x00000000a5580000, 0x00000000e0000000)
  object space 87552K, 2% used [0x00000000a0000000,0x00000000a01fe020,0x00000000a5580000)
 Metaspace       used 13613K, capacity 14042K, committed 14208K, reserved 1060864K
  class space    used 1917K, capacity 2063K, committed 2176K, reserved 1048576K
}
Event: 3.554 GC heap before
{Heap before GC invocations=4 (full 0):
 PSYoungGen      total 38400K, used 38384K [0x00000000e0000000, 0x00000000e2a80000, 0x0000000100000000)
  eden space 33280K, 100% used [0x00000000e0000000,0x00000000e2080000,0x00000000e2080000)
  from space 5120K, 99% used [0x00000000e2080000,0x00000000e257c030,0x00000000e2580000)
  to   space 5120K, 0% used [0x00000000e2580000,0x00000000e2580000,0x00000000e2a80000)
 ParOldGen       total 87552K, used 2040K [0x00000000a0000000, 0x00000000a5580000, 0x00000000e0000000)
  object space 87552K, 2% used [0x00000000a0000000,0x00000000a01fe020,0x00000000a5580000)
 Metaspace       used 16750K, capacity 17162K, committed 17408K, reserved 1064960K
  class space    used 2413K, capacity 2553K, committed 2560K, reserved 1048576K
Event: 3.570 GC heap after
Heap after GC invocations=4 (full 0):
 PSYoungGen      total 38400K, used 5104K [0x00000000e0000000, 0x00000000e2a80000, 0x0000000100000000)
  eden space 33280K, 0% used [0x00000000e0000000,0x00000000e0000000,0x00000000e2080000)
  from space 5120K, 99% used [0x00000000e2580000,0x00000000e2a7c030,0x00000000e2a80000)
  to   space 5120K, 0% used [0x00000000e2080000,0x00000000e2080000,0x00000000e2580000)
 ParOldGen       total 87552K, used 5278K [0x00000000a0000000, 0x00000000a5580000, 0x00000000e0000000)
  object space 87552K, 6% used [0x00000000a0000000,0x00000000a0527888,0x00000000a5580000)
 Metaspace       used 16750K, capacity 17162K, committed 17408K, reserved 1064960K
  class space    used 2413K, capacity 2553K, committed 2560K, reserved 1048576K
}

Deoptimization events (10 events):
Event: 2.721 Thread 0x0000000019397000 Uncommon trap: reason=bimorphic action=maybe_recompile pc=0x0000000002ec0040 method=java.util.HashMap.putVal(ILjava/lang/Object;Ljava/lang/Object;ZZ)Ljava/lang/Object; @ 253
Event: 3.049 Thread 0x0000000019397000 Uncommon trap: reason=class_check action=maybe_recompile pc=0x0000000002f020c4 method=java.util.regex.Matcher.match(II)Z @ 86
Event: 3.072 Thread 0x0000000019397000 Uncommon trap: reason=class_check action=maybe_recompile pc=0x0000000002f020c4 method=java.util.regex.Matcher.match(II)Z @ 86
Event: 3.072 Thread 0x0000000019397000 Uncommon trap: reason=class_check action=maybe_recompile pc=0x0000000002f020c4 method=java.util.regex.Matcher.match(II)Z @ 86
Event: 3.072 Thread 0x0000000019397000 Uncommon trap: reason=class_check action=maybe_recompile pc=0x0000000002ec48dc method=java.util.regex.Matcher.match(II)Z @ 86
Event: 3.184 Thread 0x0000000019397000 Uncommon trap: reason=unstable_if action=reinterpret pc=0x000000000306c574 method=java.lang.String.lastIndexOf([CII[CIII)I @ 66
Event: 3.617 Thread 0x0000000019397000 Uncommon trap: reason=unstable_if action=reinterpret pc=0x0000000002d8cb08 method=java.net.URI.match(CJJ)Z @ 19
Event: 3.617 Thread 0x0000000019397000 Uncommon trap: reason=unstable_if action=reinterpret pc=0x0000000002e8cac0 method=java.net.URI.match(CJJ)Z @ 19
Event: 3.678 Thread 0x0000000019397000 Uncommon trap: reason=unstable_if action=reinterpret pc=0x0000000002ef2218 method=java.io.File.getName()Ljava/lang/String; @ 16
Event: 3.815 Thread 0x0000000019397000 Uncommon trap: reason=bimorphic action=maybe_recompile pc=0x00000000030b7edc method=java.lang.ClassLoader.loadClass(Ljava/lang/String;Z)Ljava/lang/Class; @ 38

Classes redefined (0 events):
No events

Internal exceptions (10 events):
Event: 3.708 Thread 0x0000000019397000 Exception <a 'java/lang/NoSuchMethodError': <clinit>> (0x00000000e06c38c8) thrown at [D:\src\AOSP-openjdk-cygwin\jdk8u\hotspot\src\share\vm\prims\jni.cpp, line 1613]
Event: 3.818 Thread 0x0000000019397000 Exception <a 'java/lang/OutOfMemoryError'> (0x00000000e088be68) thrown at [D:\src\AOSP-openjdk-cygwin\jdk8u\hotspot\src\share\vm\prims\jni.cpp, line 735]
Event: 3.818 Thread 0x0000000019397000 Exception <a 'java/lang/OutOfMemoryError'> (0x00000000e088be68) thrown at [D:\src\AOSP-openjdk-cygwin\jdk8u\hotspot\src\share\vm\prims\jvm.cpp, line 1394]
Event: 3.818 Thread 0x0000000019397000 Exception <a 'java/lang/OutOfMemoryError'> (0x00000000e088be68) thrown at [D:\src\AOSP-openjdk-cygwin\jdk8u\hotspot\src\share\vm\prims\jvm.cpp, line 1394]
Event: 3.818 Thread 0x0000000019397000 Exception <a 'java/lang/OutOfMemoryError'> (0x00000000e088be68) thrown at [D:\src\AOSP-openjdk-cygwin\jdk8u\hotspot\src\share\vm\prims\jvm.cpp, line 1394]
Event: 3.826 Thread 0x0000000019397000 Exception <a 'java/lang/NoSuchMethodError': <clinit>> (0x00000000e0b9d068) thrown at [D:\src\AOSP-openjdk-cygwin\jdk8u\hotspot\src\share\vm\prims\jni.cpp, line 1613]
Event: 3.832 Thread 0x0000000019397000 Exception <a 'java/lang/NoSuchMethodError': <clinit>> (0x00000000e0bbb3e8) thrown at [D:\src\AOSP-openjdk-cygwin\jdk8u\hotspot\src\share\vm\prims\jni.cpp, line 1613]
Event: 3.832 Thread 0x0000000019397000 Exception <a 'java/lang/NoSuchMethodError': <clinit>> (0x00000000e0bbcb18) thrown at [D:\src\AOSP-openjdk-cygwin\jdk8u\hotspot\src\share\vm\prims\jni.cpp, line 1613]
Event: 3.832 Thread 0x0000000019397000 Exception <a 'java/lang/NoSuchMethodError': <clinit>> (0x00000000e0bbe4a8) thrown at [D:\src\AOSP-openjdk-cygwin\jdk8u\hotspot\src\share\vm\prims\jni.cpp, line 1613]
Event: 3.836 Thread 0x0000000019397000 Exception <a 'java/lang/NoSuchMethodError': <clinit>> (0x00000000e0bd3e70) thrown at [D:\src\AOSP-openjdk-cygwin\jdk8u\hotspot\src\share\vm\prims\jni.cpp, line 1613]

Events (10 events):
Event: 3.901 loading class org/gradle/internal/resources/DefaultResourceLockCoordinationService$DefaultResourceLockState
Event: 3.901 loading class org/gradle/internal/resources/DefaultResourceLockCoordinationService$DefaultResourceLockState done
Event: 3.901 loading class org/gradle/internal/resources/ResourceLockState
Event: 3.901 loading class org/gradle/internal/resources/ResourceLockState done
Event: 3.902 loading class com/google/common/cache/LocalCache$Values
Event: 3.902 loading class com/google/common/cache/LocalCache$Values done
Event: 3.902 loading class com/google/common/cache/LocalCache$ValueIterator
Event: 3.902 loading class com/google/common/cache/LocalCache$ValueIterator done
Event: 3.902 loading class com/google/common/cache/LocalCache$HashIterator
Event: 3.902 loading class com/google/common/cache/LocalCache$HashIterator done


Dynamic libraries:
0x00007ff630350000 - 0x00007ff630381000 	C:\Program Files\Android\Android Studio\jre\bin\java.exe
0x00007fffd5450000 - 0x00007fffd5631000 	C:\WINDOWS\SYSTEM32\ntdll.dll
0x00007fffcdce0000 - 0x00007fffcdcf2000 	C:\Program Files\AVAST Software\Avast\aswhook.dll
0x00007fffd50c0000 - 0x00007fffd5172000 	C:\WINDOWS\System32\KERNEL32.DLL
0x00007fffd22c0000 - 0x00007fffd2533000 	C:\WINDOWS\System32\KERNELBASE.dll
0x00007fffd4cb0000 - 0x00007fffd4d51000 	C:\WINDOWS\System32\ADVAPI32.dll
0x00007fffd4880000 - 0x00007fffd491e000 	C:\WINDOWS\System32\msvcrt.dll
0x00007fffd5200000 - 0x00007fffd525b000 	C:\WINDOWS\System32\sechost.dll
0x00007fffd4750000 - 0x00007fffd4874000 	C:\WINDOWS\System32\RPCRT4.dll
0x00007fffd4ec0000 - 0x00007fffd5050000 	C:\WINDOWS\System32\USER32.dll
0x00007fffd1820000 - 0x00007fffd1840000 	C:\WINDOWS\System32\win32u.dll
0x00007fffd4d60000 - 0x00007fffd4d88000 	C:\WINDOWS\System32\GDI32.dll
0x00007fffd20c0000 - 0x00007fffd2252000 	C:\WINDOWS\System32\gdi32full.dll
0x00007fffd1890000 - 0x00007fffd192f000 	C:\WINDOWS\System32\msvcp_win.dll
0x00007fffd25f0000 - 0x00007fffd26e8000 	C:\WINDOWS\System32\ucrtbase.dll
0x00007fffc69c0000 - 0x00007fffc6c29000 	C:\WINDOWS\WinSxS\amd64_microsoft.windows.common-controls_6595b64144ccf1df_6.0.17134.648_none_fb45a0e93062a6d2\COMCTL32.dll
0x00007fffd2990000 - 0x00007fffd2cb2000 	C:\WINDOWS\System32\combase.dll
0x00007fffd2040000 - 0x00007fffd20ba000 	C:\WINDOWS\System32\bcryptPrimitives.dll
0x00007fffd4e80000 - 0x00007fffd4ead000 	C:\WINDOWS\System32\IMM32.DLL
0x00000000588b0000 - 0x0000000058982000 	C:\Program Files\Android\Android Studio\jre\jre\bin\msvcr100.dll
0x0000000058990000 - 0x00000000591d1000 	C:\Program Files\Android\Android Studio\jre\jre\bin\server\jvm.dll
0x00007fffd2e10000 - 0x00007fffd2e18000 	C:\WINDOWS\System32\PSAPI.DLL
0x00007fffd04d0000 - 0x00007fffd04d9000 	C:\WINDOWS\SYSTEM32\WSOCK32.dll
0x00007fffd4920000 - 0x00007fffd498c000 	C:\WINDOWS\System32\WS2_32.dll
0x00007fffc6e10000 - 0x00007fffc6e33000 	C:\WINDOWS\SYSTEM32\WINMM.dll
0x00007fffc68a0000 - 0x00007fffc68aa000 	C:\WINDOWS\SYSTEM32\VERSION.dll
0x00007fffc6900000 - 0x00007fffc692a000 	C:\WINDOWS\SYSTEM32\WINMMBASE.dll
0x00007fffd1840000 - 0x00007fffd1889000 	C:\WINDOWS\System32\cfgmgr32.dll
0x00007fffcb560000 - 0x00007fffcb56f000 	C:\Program Files\Android\Android Studio\jre\jre\bin\verify.dll
0x00007fffb0750000 - 0x00007fffb0779000 	C:\Program Files\Android\Android Studio\jre\jre\bin\java.dll
0x00007fffc9170000 - 0x00007fffc9186000 	C:\Program Files\Android\Android Studio\jre\jre\bin\zip.dll
0x00007fffd2e20000 - 0x00007fffd4260000 	C:\WINDOWS\System32\SHELL32.dll
0x00007fffd28e0000 - 0x00007fffd2989000 	C:\WINDOWS\System32\shcore.dll
0x00007fffd1930000 - 0x00007fffd203d000 	C:\WINDOWS\System32\windows.storage.dll
0x00007fffd2cc0000 - 0x00007fffd2d11000 	C:\WINDOWS\System32\shlwapi.dll
0x00007fffd1800000 - 0x00007fffd1811000 	C:\WINDOWS\System32\kernel.appcore.dll
0x00007fffd17c0000 - 0x00007fffd17df000 	C:\WINDOWS\System32\profapi.dll
0x00007fffd1760000 - 0x00007fffd17ac000 	C:\WINDOWS\System32\powrprof.dll
0x00007fffd17b0000 - 0x00007fffd17ba000 	C:\WINDOWS\System32\FLTLIB.DLL
0x00007fffb00b0000 - 0x00007fffb00ca000 	C:\Program Files\Android\Android Studio\jre\jre\bin\net.dll
0x00007fffd0f80000 - 0x00007fffd0fe6000 	C:\WINDOWS\system32\mswsock.dll
0x00007fffb0090000 - 0x00007fffb00a1000 	C:\Program Files\Android\Android Studio\jre\jre\bin\nio.dll
0x00007fffc9870000 - 0x00007fffc988e000 	C:\Users\Jorge\.gradle\native\25\windows-amd64\native-platform.dll
0x00007fffc98e0000 - 0x00007fffc98ed000 	C:\Program Files\Android\Android Studio\jre\jre\bin\management.dll
0x00007fffd1130000 - 0x00007fffd1147000 	C:\WINDOWS\SYSTEM32\CRYPTSP.dll
0x00007fffd0b60000 - 0x00007fffd0b93000 	C:\WINDOWS\system32\rsaenh.dll
0x00007fffd1260000 - 0x00007fffd1285000 	C:\WINDOWS\SYSTEM32\bcrypt.dll
0x00007fffd1690000 - 0x00007fffd16b8000 	C:\WINDOWS\SYSTEM32\USERENV.dll
0x00007fffd1150000 - 0x00007fffd115b000 	C:\WINDOWS\SYSTEM32\CRYPTBASE.dll
0x00007fffd0d00000 - 0x00007fffd0d38000 	C:\WINDOWS\SYSTEM32\IPHLPAPI.DLL
0x00007fffd4eb0000 - 0x00007fffd4eb8000 	C:\WINDOWS\System32\NSI.dll
0x00007fffc9d20000 - 0x00007fffc9d36000 	C:\WINDOWS\SYSTEM32\dhcpcsvc6.DLL
0x00007fffc9a00000 - 0x00007fffc9a1a000 	C:\WINDOWS\SYSTEM32\dhcpcsvc.DLL

VM Arguments:
jvm_args: -Xmx1536m -Dfile.encoding=windows-1252 -Duser.country=MX -Duser.language=es -Duser.variant 
java_command: org.gradle.launcher.daemon.bootstrap.GradleDaemon 4.10.1
java_class_path (initial): C:\Users\Jorge\.gradle\wrapper\dists\gradle-4.10.1-all\455itskqi2qtf0v2sja68alqd\gradle-4.10.1\lib\gradle-launcher-4.10.1.jar
Launcher Type: SUN_STANDARD

Environment Variables:
JAVA_HOME=C:\Program Files\Java\jdk1.8.0_144
PATH=C:\Program Files (x86)\Common Files\Oracle\Java\javapath;C:\oraclexe\app\oracle\product\11.2.0\server\bin;C:\Program Files (x86)\Common Files\Intel\Shared Libraries\redist\ia32\mpirt;C:\Program Files (x86)\Common Files\Intel\Shared Libraries\redist\ia32\compiler;C:\ProgramData\Oracle\Java\javapath;C:\Program Files (x86)\Intel\iCLS Client\;C:\Program Files\Intel\iCLS Client\;C:\Program Files\Broadcom\Broadcom 802.11;C:\WINDOWS\system32;C:\WINDOWS;C:\WINDOWS\System32\Wbem;C:\WINDOWS\System32\WindowsPowerShell\v1.0\;C:\Program Files\Hewlett-Packard\SimplePass\;C:\Program Files\Intel\Intel(R) Management Engine Components\DAL;C:\Program Files (x86)\Intel\Intel(R) Management Engine Components\DAL;C:\Program Files\Intel\Intel(R) Management Engine Components\IPT;C:\Program Files (x86)\Intel\Intel(R) Management Engine Components\IPT;C:\Program Files\Git\cmd;C:\Program Files\nodejs\;C:\Program Files\Microsoft VS Code\bin;C:\WINDOWS\System32\OpenSSH\;C:\Users\Jorge\AppData\Local\Android\Sdk;"%CLASSPATH%;C:\Junit\junit4.12.jar;.;";"%CLASSPATH%;C:\Junit\junit4.12.jar;.";"%CLASSPATH%;C:\Junit\junit4.12.jar";C:\Program Files\Java\jdk1.8.0_144\bin;C:\Users\Jorge\AppData\Local\Microsoft\WindowsApps;C:\Users\Jorge\Documents\apache-maven-3.5.2\bin;;C:\Program Files\Microsoft VS Code\bin;C:\Users\Jorge\AppData\Roaming\npm
USERNAME=Jorge
OS=Windows_NT
PROCESSOR_IDENTIFIER=Intel64 Family 6 Model 61 Stepping 4, GenuineIntel



---------------  S Y S T E M  ---------------

OS: Windows 10.0 , 64 bit Build 17134 (10.0.17134.648)

CPU:total 4 (initial active 4) (2 cores per cpu, 2 threads per core) family 6 model 61 stepping 4, cmov, cx8, fxsr, mmx, sse, sse2, sse3, ssse3, sse4.1, sse4.2, popcnt, avx, avx2, aes, clmul, erms, 3dnowpref, lzcnt, ht, tsc, tscinvbit, bmi1, bmi2, adx

Memory: 4k page, physical 8309008k(183436k free), swap 8309008k(5544k free)

vm_info: OpenJDK 64-Bit Server VM (25.152-b01) for windows-amd64 JRE (1.8.0_152-release-1248-b01), built by "builder" with MS VC++ 10.0 (VS2010)

time: Sun Mar 24 16:55:46 2019
elapsed time: 3 seconds (0d 0h 0m 3s)

