#
# There is insufficient memory for the Java Runtime Environment to continue.
# Native memory allocation (malloc) failed to allocate 1845104 bytes for Chunk::new
# Possible reasons:
#   The system is out of physical RAM or swap space
#   In 32 bit mode, the process size limit was hit
# Possible solutions:
#   Reduce memory load on the system
#   Increase physical memory or swap space
#   Check if swap backing store is full
#   Use 64 bit Java on a 64 bit OS
#   Decrease Java heap size (-Xmx/-Xms)
#   Decrease number of Java threads
#   Decrease Java thread stack sizes (-Xss)
#   Set larger code cache with -XX:ReservedCodeCacheSize=
# This output file may be truncated or incomplete.
#
#  Out of Memory Error (allocation.cpp:390), pid=9644, tid=0x00000000000005e0
#
# JRE version: OpenJDK Runtime Environment (8.0_152-b01) (build 1.8.0_152-release-1248-b01)
# Java VM: OpenJDK 64-Bit Server VM (25.152-b01 mixed mode windows-amd64 compressed oops)
# Failed to write core dump. Minidumps are not enabled by default on client versions of Windows
#

---------------  T H R E A D  ---------------

Current thread (0x0000000015c32000):  JavaThread "C2 CompilerThread1" daemon [_thread_in_native, id=1504, stack(0x00000000173c0000,0x00000000174c0000)]

Stack: [0x00000000173c0000,0x00000000174c0000]
[error occurred during error reporting (printing stack bounds), id 0xc0000005]

Native frames: (J=compiled Java code, j=interpreted, Vv=VM code, C=native code)


Current CompileTask:
C2:   3605 1359       4       java.net.URLClassLoader$1::run (5 bytes)


---------------  P R O C E S S  ---------------

Java Threads: ( => current thread )
  0x000000001a4fb800 JavaThread "Cache worker for journal cache (C:\Users\Jorge\.gradle\caches\journal-1)" [_thread_blocked, id=10020, stack(0x000000001c8d0000,0x000000001c9d0000)]
  0x000000001a4fb000 JavaThread "Cache worker for file hash cache (C:\Users\Jorge\Desktop\Medical_Lupus\.gradle\4.10.1\fileHashes)" [_thread_blocked, id=10580, stack(0x000000001b800000,0x000000001b900000)]
  0x000000001a75b800 JavaThread "File lock request listener" [_thread_in_native, id=4876, stack(0x000000001b700000,0x000000001b800000)]
  0x0000000018f7c800 JavaThread "Cache worker for file hash cache (C:\Users\Jorge\.gradle\caches\4.10.1\fileHashes)" [_thread_blocked, id=11404, stack(0x000000001b600000,0x000000001b700000)]
  0x0000000018dcc000 JavaThread "Stdin handler" [_thread_blocked, id=3948, stack(0x000000001a330000,0x000000001a430000)]
  0x0000000018dc7000 JavaThread "Asynchronous log dispatcher for DefaultDaemonConnection: socket connection from /127.0.0.1:58325 to /127.0.0.1:58326" [_thread_blocked, id=11564, stack(0x000000001a230000,0x000000001a330000)]
  0x0000000018dbb800 JavaThread "Daemon worker" [_thread_in_vm, id=4792, stack(0x000000001a130000,0x000000001a230000)]
  0x0000000018db9800 JavaThread "Cancel handler" [_thread_blocked, id=8416, stack(0x000000001a030000,0x000000001a130000)]
  0x0000000018db0800 JavaThread "Handler for socket connection from /127.0.0.1:58325 to /127.0.0.1:58326" [_thread_in_native, id=11136, stack(0x0000000019d30000,0x0000000019e30000)]
  0x000000001890f800 JavaThread "Daemon" [_thread_blocked, id=10964, stack(0x0000000019c30000,0x0000000019d30000)]
  0x0000000017fc3000 JavaThread "Daemon periodic checks" [_thread_blocked, id=6928, stack(0x0000000019b30000,0x0000000019c30000)]
  0x0000000017fbb800 JavaThread "Incoming local TCP Connector on port 58325" [_thread_in_native, id=1348, stack(0x00000000198d0000,0x00000000199d0000)]
  0x00000000175eb000 JavaThread "Service Thread" daemon [_thread_blocked, id=1092, stack(0x00000000179c0000,0x0000000017ac0000)]
  0x0000000015c39800 JavaThread "C1 CompilerThread2" daemon [_thread_blocked, id=8976, stack(0x00000000174c0000,0x00000000175c0000)]
=>0x0000000015c32000 JavaThread "C2 CompilerThread1" daemon [_thread_in_native, id=1504, stack(0x00000000173c0000,0x00000000174c0000)]
  0x0000000015c2d800 JavaThread "C2 CompilerThread0" daemon [_thread_in_native, id=4272, stack(0x00000000172c0000,0x00000000173c0000)]
  0x0000000015c2c800 JavaThread "Attach Listener" daemon [_thread_blocked, id=8036, stack(0x00000000171c0000,0x00000000172c0000)]
  0x0000000015c2b000 JavaThread "Signal Dispatcher" daemon [_thread_blocked, id=10788, stack(0x00000000170c0000,0x00000000171c0000)]
  0x00000000022be800 JavaThread "Finalizer" daemon [_thread_blocked, id=10360, stack(0x0000000016ea0000,0x0000000016fa0000)]
  0x00000000022b3000 JavaThread "Reference Handler" daemon [_thread_blocked, id=9220, stack(0x0000000016da0000,0x0000000016ea0000)]
  0x000000000088e000 JavaThread "main" [_thread_blocked, id=1844, stack(0x00000000020c0000,0x00000000021c0000)]

Other Threads:
  0x0000000015bf8000 VMThread [stack: 0x0000000016ca0000,0x0000000016da0000] [id=1804]
  0x00000000175eb800 WatcherThread [stack: 0x0000000017ac0000,0x0000000017bc0000] [id=4752]

VM state:not at safepoint (normal execution)

VM Mutex/Monitor currently owned by a thread: None

Heap:
 PSYoungGen      total 38400K, used 13491K [0x00000000e0000000, 0x00000000e2a80000, 0x0000000100000000)
  eden space 33280K, 25% used [0x00000000e0000000,0x00000000e0830c90,0x00000000e2080000)
  from space 5120K, 99% used [0x00000000e2580000,0x00000000e2a7c030,0x00000000e2a80000)
  to   space 5120K, 0% used [0x00000000e2080000,0x00000000e2080000,0x00000000e2580000)
 ParOldGen       total 87552K, used 5294K [0x00000000a0000000, 0x00000000a5580000, 0x00000000e0000000)
  object space 87552K, 6% used [0x00000000a0000000,0x00000000a052bae8,0x00000000a5580000)
 Metaspace       used 17543K, capacity 17992K, committed 18176K, reserved 1064960K
  class space    used 2546K, capacity 2718K, committed 2816K, reserved 1048576K

Card table byte_map: [0x0000000011680000,0x0000000011990000] byte_map_base: 0x0000000011180000

Marking Bits: (ParMarkBitMap*) 0x0000000059155aa0
 Begin Bits: [0x0000000011f90000, 0x0000000013790000)
 End Bits:   [0x0000000013790000, 0x0000000014f90000)

Polling page: 0x0000000000810000

CodeCache: size=245760Kb used=5338Kb max_used=5338Kb free=240422Kb
 bounds [0x00000000022c0000, 0x0000000002800000, 0x00000000112c0000]
 total_blobs=1967 nmethods=1575 adapters=305
 compilation: enabled

Compilation events (10 events):
Event: 3.584 Thread 0x0000000015c39800 1574       3       java.lang.ReflectiveOperationException::<init> (6 bytes)
Event: 3.584 Thread 0x0000000015c39800 nmethod 1574 0x00000000027f6290 code [0x00000000027f6400, 0x00000000027f65e8]
Event: 3.587 Thread 0x0000000015c39800 1575       3       java.lang.Enum::<init> (15 bytes)
Event: 3.587 Thread 0x0000000015c39800 nmethod 1575 0x00000000027f6950 code [0x00000000027f6aa0, 0x00000000027f6c70]
Event: 3.590 Thread 0x0000000015c39800 1576       3       java.util.regex.Pattern$Branch::match (66 bytes)
Event: 3.590 Thread 0x0000000015c39800 nmethod 1576 0x00000000027f71d0 code [0x00000000027f7360, 0x00000000027f7838]
Event: 3.591 Thread 0x0000000015c39800 1577       3       java.util.concurrent.locks.AbstractQueuedSynchronizer::<init> (5 bytes)
Event: 3.591 Thread 0x0000000015c39800 nmethod 1577 0x00000000027f7a50 code [0x00000000027f7bc0, 0x00000000027f7dd0]
Event: 3.591 Thread 0x0000000015c39800 1578       3       java.util.concurrent.locks.AbstractOwnableSynchronizer::<init> (5 bytes)
Event: 3.591 Thread 0x0000000015c39800 nmethod 1578 0x00000000027f7e90 code [0x00000000027f7fe0, 0x00000000027f8190]

GC Heap History (8 events):
Event: 0.953 GC heap before
{Heap before GC invocations=1 (full 0):
 PSYoungGen      total 38400K, used 33280K [0x00000000e0000000, 0x00000000e2a80000, 0x0000000100000000)
  eden space 33280K, 100% used [0x00000000e0000000,0x00000000e2080000,0x00000000e2080000)
  from space 5120K, 0% used [0x00000000e2580000,0x00000000e2580000,0x00000000e2a80000)
  to   space 5120K, 0% used [0x00000000e2080000,0x00000000e2080000,0x00000000e2580000)
 ParOldGen       total 87552K, used 0K [0x00000000a0000000, 0x00000000a5580000, 0x00000000e0000000)
  object space 87552K, 0% used [0x00000000a0000000,0x00000000a0000000,0x00000000a5580000)
 Metaspace       used 6834K, capacity 7034K, committed 7296K, reserved 1056768K
  class space    used 835K, capacity 879K, committed 896K, reserved 1048576K
Event: 0.961 GC heap after
Heap after GC invocations=1 (full 0):
 PSYoungGen      total 38400K, used 4115K [0x00000000e0000000, 0x00000000e2a80000, 0x0000000100000000)
  eden space 33280K, 0% used [0x00000000e0000000,0x00000000e0000000,0x00000000e2080000)
  from space 5120K, 80% used [0x00000000e2080000,0x00000000e2484ef8,0x00000000e2580000)
  to   space 5120K, 0% used [0x00000000e2580000,0x00000000e2580000,0x00000000e2a80000)
 ParOldGen       total 87552K, used 8K [0x00000000a0000000, 0x00000000a5580000, 0x00000000e0000000)
  object space 87552K, 0% used [0x00000000a0000000,0x00000000a0002000,0x00000000a5580000)
 Metaspace       used 6834K, capacity 7034K, committed 7296K, reserved 1056768K
  class space    used 835K, capacity 879K, committed 896K, reserved 1048576K
}
Event: 1.706 GC heap before
{Heap before GC invocations=2 (full 0):
 PSYoungGen      total 38400K, used 37395K [0x00000000e0000000, 0x00000000e2a80000, 0x0000000100000000)
  eden space 33280K, 100% used [0x00000000e0000000,0x00000000e2080000,0x00000000e2080000)
  from space 5120K, 80% used [0x00000000e2080000,0x00000000e2484ef8,0x00000000e2580000)
  to   space 5120K, 0% used [0x00000000e2580000,0x00000000e2580000,0x00000000e2a80000)
 ParOldGen       total 87552K, used 8K [0x00000000a0000000, 0x00000000a5580000, 0x00000000e0000000)
  object space 87552K, 0% used [0x00000000a0000000,0x00000000a0002000,0x00000000a5580000)
 Metaspace       used 9820K, capacity 10056K, committed 10112K, reserved 1058816K
  class space    used 1312K, capacity 1392K, committed 1408K, reserved 1048576K
Event: 1.714 GC heap after
Heap after GC invocations=2 (full 0):
 PSYoungGen      total 38400K, used 5075K [0x00000000e0000000, 0x00000000e2a80000, 0x0000000100000000)
  eden space 33280K, 0% used [0x00000000e0000000,0x00000000e0000000,0x00000000e2080000)
  from space 5120K, 99% used [0x00000000e2580000,0x00000000e2a74d50,0x00000000e2a80000)
  to   space 5120K, 0% used [0x00000000e2080000,0x00000000e2080000,0x00000000e2580000)
 ParOldGen       total 87552K, used 16K [0x00000000a0000000, 0x00000000a5580000, 0x00000000e0000000)
  object space 87552K, 0% used [0x00000000a0000000,0x00000000a0004000,0x00000000a5580000)
 Metaspace       used 9820K, capacity 10056K, committed 10112K, reserved 1058816K
  class space    used 1312K, capacity 1392K, committed 1408K, reserved 1048576K
}
Event: 2.903 GC heap before
{Heap before GC invocations=3 (full 0):
 PSYoungGen      total 38400K, used 38355K [0x00000000e0000000, 0x00000000e2a80000, 0x0000000100000000)
  eden space 33280K, 100% used [0x00000000e0000000,0x00000000e2080000,0x00000000e2080000)
  from space 5120K, 99% used [0x00000000e2580000,0x00000000e2a74d50,0x00000000e2a80000)
  to   space 5120K, 0% used [0x00000000e2080000,0x00000000e2080000,0x00000000e2580000)
 ParOldGen       total 87552K, used 16K [0x00000000a0000000, 0x00000000a5580000, 0x00000000e0000000)
  object space 87552K, 0% used [0x00000000a0000000,0x00000000a0004000,0x00000000a5580000)
 Metaspace       used 13598K, capacity 14042K, committed 14208K, reserved 1060864K
  class space    used 1915K, capacity 2063K, committed 2176K, reserved 1048576K
Event: 2.911 GC heap after
Heap after GC invocations=3 (full 0):
 PSYoungGen      total 38400K, used 5104K [0x00000000e0000000, 0x00000000e2a80000, 0x0000000100000000)
  eden space 33280K, 0% used [0x00000000e0000000,0x00000000e0000000,0x00000000e2080000)
  from space 5120K, 99% used [0x00000000e2080000,0x00000000e257c030,0x00000000e2580000)
  to   space 5120K, 0% used [0x00000000e2580000,0x00000000e2580000,0x00000000e2a80000)
 ParOldGen       total 87552K, used 2031K [0x00000000a0000000, 0x00000000a5580000, 0x00000000e0000000)
  object space 87552K, 2% used [0x00000000a0000000,0x00000000a01fbe40,0x00000000a5580000)
 Metaspace       used 13598K, capacity 14042K, committed 14208K, reserved 1060864K
  class space    used 1915K, capacity 2063K, committed 2176K, reserved 1048576K
}
Event: 3.415 GC heap before
{Heap before GC invocations=4 (full 0):
 PSYoungGen      total 38400K, used 38384K [0x00000000e0000000, 0x00000000e2a80000, 0x0000000100000000)
  eden space 33280K, 100% used [0x00000000e0000000,0x00000000e2080000,0x00000000e2080000)
  from space 5120K, 99% used [0x00000000e2080000,0x00000000e257c030,0x00000000e2580000)
  to   space 5120K, 0% used [0x00000000e2580000,0x00000000e2580000,0x00000000e2a80000)
 ParOldGen       total 87552K, used 2031K [0x00000000a0000000, 0x00000000a5580000, 0x00000000e0000000)
  object space 87552K, 2% used [0x00000000a0000000,0x00000000a01fbe40,0x00000000a5580000)
 Metaspace       used 16727K, capacity 17162K, committed 17408K, reserved 1064960K
  class space    used 2410K, capacity 2553K, committed 2560K, reserved 1048576K
Event: 3.431 GC heap after
Heap after GC invocations=4 (full 0):
 PSYoungGen      total 38400K, used 5104K [0x00000000e0000000, 0x00000000e2a80000, 0x0000000100000000)
  eden space 33280K, 0% used [0x00000000e0000000,0x00000000e0000000,0x00000000e2080000)
  from space 5120K, 99% used [0x00000000e2580000,0x00000000e2a7c030,0x00000000e2a80000)
  to   space 5120K, 0% used [0x00000000e2080000,0x00000000e2080000,0x00000000e2580000)
 ParOldGen       total 87552K, used 5294K [0x00000000a0000000, 0x00000000a5580000, 0x00000000e0000000)
  object space 87552K, 6% used [0x00000000a0000000,0x00000000a052bae8,0x00000000a5580000)
 Metaspace       used 16727K, capacity 17162K, committed 17408K, reserved 1064960K
  class space    used 2410K, capacity 2553K, committed 2560K, reserved 1048576K
}

Deoptimization events (10 events):
Event: 2.663 Thread 0x0000000018dbb800 Uncommon trap: reason=bimorphic action=maybe_recompile pc=0x0000000002553ea8 method=java.util.HashMap.putVal(ILjava/lang/Object;Ljava/lang/Object;ZZ)Ljava/lang/Object; @ 253
Event: 2.955 Thread 0x0000000018dbb800 Uncommon trap: reason=class_check action=maybe_recompile pc=0x00000000025814c4 method=java.util.regex.Matcher.match(II)Z @ 86
Event: 2.971 Thread 0x0000000018dbb800 Uncommon trap: reason=class_check action=maybe_recompile pc=0x00000000025814c4 method=java.util.regex.Matcher.match(II)Z @ 86
Event: 2.972 Thread 0x0000000018dbb800 Uncommon trap: reason=class_check action=maybe_recompile pc=0x00000000025814c4 method=java.util.regex.Matcher.match(II)Z @ 86
Event: 2.972 Thread 0x0000000018dbb800 Uncommon trap: reason=class_check action=maybe_recompile pc=0x000000000254661c method=java.util.regex.Matcher.match(II)Z @ 86
Event: 3.072 Thread 0x0000000018dbb800 Uncommon trap: reason=unstable_if action=reinterpret pc=0x00000000027021b4 method=java.lang.String.lastIndexOf([CII[CIII)I @ 66
Event: 3.505 Thread 0x0000000018dbb800 Uncommon trap: reason=unstable_if action=reinterpret pc=0x000000000241ae88 method=java.net.URI.match(CJJ)Z @ 19
Event: 3.505 Thread 0x0000000018dbb800 Uncommon trap: reason=unstable_if action=reinterpret pc=0x000000000251e1c0 method=java.net.URI.match(CJJ)Z @ 19
Event: 3.505 Thread 0x0000000018dbb800 Uncommon trap: reason=unstable_if action=reinterpret pc=0x000000000241d4c8 method=java.net.URI.match(CJJ)Z @ 19
Event: 3.558 Thread 0x0000000018dbb800 Uncommon trap: reason=unstable_if action=reinterpret pc=0x000000000257c7d8 method=java.io.File.getName()Ljava/lang/String; @ 16

Classes redefined (0 events):
No events

Internal exceptions (10 events):
Event: 2.615 Thread 0x0000000018db0800 Exception <a 'java/lang/NoSuchMethodError': <clinit>> (0x00000000e058f060) thrown at [D:\src\AOSP-openjdk-cygwin\jdk8u\hotspot\src\share\vm\prims\jni.cpp, line 1613]
Event: 2.616 Thread 0x0000000018db0800 Exception <a 'java/lang/NoSuchMethodError': <clinit>> (0x00000000e0597b28) thrown at [D:\src\AOSP-openjdk-cygwin\jdk8u\hotspot\src\share\vm\prims\jni.cpp, line 1613]
Event: 2.619 Thread 0x0000000018db0800 Exception <a 'java/lang/NoSuchMethodError': <clinit>> (0x00000000e05ada70) thrown at [D:\src\AOSP-openjdk-cygwin\jdk8u\hotspot\src\share\vm\prims\jni.cpp, line 1613]
Event: 2.628 Thread 0x0000000018db0800 Exception <a 'java/lang/NoSuchMethodError': <clinit>> (0x00000000e060c7d8) thrown at [D:\src\AOSP-openjdk-cygwin\jdk8u\hotspot\src\share\vm\prims\jni.cpp, line 1613]
Event: 2.631 Thread 0x0000000018db0800 Exception <a 'java/lang/NoSuchMethodError': <clinit>> (0x00000000e0638cd0) thrown at [D:\src\AOSP-openjdk-cygwin\jdk8u\hotspot\src\share\vm\prims\jni.cpp, line 1613]
Event: 2.639 Thread 0x0000000018db0800 Exception <a 'java/lang/NoSuchMethodError': <clinit>> (0x00000000e0655878) thrown at [D:\src\AOSP-openjdk-cygwin\jdk8u\hotspot\src\share\vm\prims\jni.cpp, line 1613]
Event: 3.579 Thread 0x0000000018dbb800 Exception <a 'java/lang/NoSuchMethodError': <clinit>> (0x00000000e06a6bc0) thrown at [D:\src\AOSP-openjdk-cygwin\jdk8u\hotspot\src\share\vm\prims\jni.cpp, line 1613]
Event: 3.580 Thread 0x0000000018dbb800 Exception <a 'java/lang/NoSuchMethodError': <clinit>> (0x00000000e06a9378) thrown at [D:\src\AOSP-openjdk-cygwin\jdk8u\hotspot\src\share\vm\prims\jni.cpp, line 1613]
Event: 3.581 Thread 0x0000000018dbb800 Exception <a 'java/lang/NoSuchMethodError': <clinit>> (0x00000000e06b5690) thrown at [D:\src\AOSP-openjdk-cygwin\jdk8u\hotspot\src\share\vm\prims\jni.cpp, line 1613]
Event: 3.585 Thread 0x0000000018dbb800 Exception <a 'java/lang/NoSuchMethodError': <clinit>> (0x00000000e06c87d0) thrown at [D:\src\AOSP-openjdk-cygwin\jdk8u\hotspot\src\share\vm\prims\jni.cpp, line 1613]

Events (10 events):
Event: 3.597 loading class java/nio/charset/CharacterCodingException
Event: 3.597 loading class java/nio/charset/CharacterCodingException done
Event: 3.598 loading class org/gradle/internal/io/StreamByteBuffer$StreamByteBufferChunk
Event: 3.598 loading class org/gradle/internal/io/StreamByteBuffer$StreamByteBufferChunk done
Event: 3.599 loading class org/gradle/internal/serialize/ExceptionReplacingObjectInputStream$1
Event: 3.599 loading class org/gradle/internal/serialize/ExceptionReplacingObjectInputStream$1 done
Event: 3.599 loading class org/gradle/internal/classpath/DefaultCachedClasspathTransformer$1
Event: 3.599 loading class org/gradle/internal/classpath/DefaultCachedClasspathTransformer$1 done
Event: 3.600 loading class org/gradle/internal/classpath/DefaultCachedClasspathTransformer$CachedJarFileTransformer$1
Event: 3.600 loading class org/gradle/internal/classpath/DefaultCachedClasspathTransformer$CachedJarFileTransformer$1 done


Dynamic libraries:
0x00007ff630350000 - 0x00007ff630381000 	C:\Program Files\Android\Android Studio\jre\bin\java.exe
0x00007fffd5450000 - 0x00007fffd5631000 	C:\WINDOWS\SYSTEM32\ntdll.dll
0x00007fffcdce0000 - 0x00007fffcdcf2000 	C:\Program Files\AVAST Software\Avast\aswhook.dll
0x00007fffd50c0000 - 0x00007fffd5172000 	C:\WINDOWS\System32\KERNEL32.DLL
0x00007fffd22c0000 - 0x00007fffd2533000 	C:\WINDOWS\System32\KERNELBASE.dll
0x00007fffd4cb0000 - 0x00007fffd4d51000 	C:\WINDOWS\System32\ADVAPI32.dll
0x00007fffd4880000 - 0x00007fffd491e000 	C:\WINDOWS\System32\msvcrt.dll
0x00007fffd5200000 - 0x00007fffd525b000 	C:\WINDOWS\System32\sechost.dll
0x00007fffd4750000 - 0x00007fffd4874000 	C:\WINDOWS\System32\RPCRT4.dll
0x00007fffd4ec0000 - 0x00007fffd5050000 	C:\WINDOWS\System32\USER32.dll
0x00007fffd1820000 - 0x00007fffd1840000 	C:\WINDOWS\System32\win32u.dll
0x00007fffd4d60000 - 0x00007fffd4d88000 	C:\WINDOWS\System32\GDI32.dll
0x00007fffd20c0000 - 0x00007fffd2252000 	C:\WINDOWS\System32\gdi32full.dll
0x00007fffd1890000 - 0x00007fffd192f000 	C:\WINDOWS\System32\msvcp_win.dll
0x00007fffd25f0000 - 0x00007fffd26e8000 	C:\WINDOWS\System32\ucrtbase.dll
0x00007fffc69c0000 - 0x00007fffc6c29000 	C:\WINDOWS\WinSxS\amd64_microsoft.windows.common-controls_6595b64144ccf1df_6.0.17134.648_none_fb45a0e93062a6d2\COMCTL32.dll
0x00007fffd2990000 - 0x00007fffd2cb2000 	C:\WINDOWS\System32\combase.dll
0x00007fffd2040000 - 0x00007fffd20ba000 	C:\WINDOWS\System32\bcryptPrimitives.dll
0x00007fffd4e80000 - 0x00007fffd4ead000 	C:\WINDOWS\System32\IMM32.DLL
0x00000000588b0000 - 0x0000000058982000 	C:\Program Files\Android\Android Studio\jre\jre\bin\msvcr100.dll
0x0000000058990000 - 0x00000000591d1000 	C:\Program Files\Android\Android Studio\jre\jre\bin\server\jvm.dll
0x00007fffd2e10000 - 0x00007fffd2e18000 	C:\WINDOWS\System32\PSAPI.DLL
0x00007fffd04d0000 - 0x00007fffd04d9000 	C:\WINDOWS\SYSTEM32\WSOCK32.dll
0x00007fffd4920000 - 0x00007fffd498c000 	C:\WINDOWS\System32\WS2_32.dll
0x00007fffc6e10000 - 0x00007fffc6e33000 	C:\WINDOWS\SYSTEM32\WINMM.dll
0x00007fffc68a0000 - 0x00007fffc68aa000 	C:\WINDOWS\SYSTEM32\VERSION.dll
0x00007fffc6900000 - 0x00007fffc692a000 	C:\WINDOWS\SYSTEM32\WINMMBASE.dll
0x00007fffd1840000 - 0x00007fffd1889000 	C:\WINDOWS\System32\cfgmgr32.dll
0x00007fffcb560000 - 0x00007fffcb56f000 	C:\Program Files\Android\Android Studio\jre\jre\bin\verify.dll
0x00007fffb0750000 - 0x00007fffb0779000 	C:\Program Files\Android\Android Studio\jre\jre\bin\java.dll
0x00007fffc9170000 - 0x00007fffc9186000 	C:\Program Files\Android\Android Studio\jre\jre\bin\zip.dll
0x00007fffd2e20000 - 0x00007fffd4260000 	C:\WINDOWS\System32\SHELL32.dll
0x00007fffd28e0000 - 0x00007fffd2989000 	C:\WINDOWS\System32\shcore.dll
0x00007fffd1930000 - 0x00007fffd203d000 	C:\WINDOWS\System32\windows.storage.dll
0x00007fffd2cc0000 - 0x00007fffd2d11000 	C:\WINDOWS\System32\shlwapi.dll
0x00007fffd1800000 - 0x00007fffd1811000 	C:\WINDOWS\System32\kernel.appcore.dll
0x00007fffd17c0000 - 0x00007fffd17df000 	C:\WINDOWS\System32\profapi.dll
0x00007fffd1760000 - 0x00007fffd17ac000 	C:\WINDOWS\System32\powrprof.dll
0x00007fffd17b0000 - 0x00007fffd17ba000 	C:\WINDOWS\System32\FLTLIB.DLL
0x00007fffb00b0000 - 0x00007fffb00ca000 	C:\Program Files\Android\Android Studio\jre\jre\bin\net.dll
0x00007fffd0f80000 - 0x00007fffd0fe6000 	C:\WINDOWS\system32\mswsock.dll
0x00007fffb0090000 - 0x00007fffb00a1000 	C:\Program Files\Android\Android Studio\jre\jre\bin\nio.dll
0x00007fffc9870000 - 0x00007fffc988e000 	C:\Users\Jorge\.gradle\native\25\windows-amd64\native-platform.dll
0x00007fffc98e0000 - 0x00007fffc98ed000 	C:\Program Files\Android\Android Studio\jre\jre\bin\management.dll
0x00007fffd1130000 - 0x00007fffd1147000 	C:\WINDOWS\SYSTEM32\CRYPTSP.dll
0x00007fffd0b60000 - 0x00007fffd0b93000 	C:\WINDOWS\system32\rsaenh.dll
0x00007fffd1260000 - 0x00007fffd1285000 	C:\WINDOWS\SYSTEM32\bcrypt.dll
0x00007fffd1690000 - 0x00007fffd16b8000 	C:\WINDOWS\SYSTEM32\USERENV.dll
0x00007fffd1150000 - 0x00007fffd115b000 	C:\WINDOWS\SYSTEM32\CRYPTBASE.dll
0x00007fffd0d00000 - 0x00007fffd0d38000 	C:\WINDOWS\SYSTEM32\IPHLPAPI.DLL
0x00007fffd4eb0000 - 0x00007fffd4eb8000 	C:\WINDOWS\System32\NSI.dll
0x00007fffc9d20000 - 0x00007fffc9d36000 	C:\WINDOWS\SYSTEM32\dhcpcsvc6.DLL
0x00007fffc9a00000 - 0x00007fffc9a1a000 	C:\WINDOWS\SYSTEM32\dhcpcsvc.DLL

VM Arguments:
jvm_args: -Xmx1536m -Dfile.encoding=windows-1252 -Duser.country=MX -Duser.language=es -Duser.variant 
java_command: org.gradle.launcher.daemon.bootstrap.GradleDaemon 4.10.1
java_class_path (initial): C:\Users\Jorge\.gradle\wrapper\dists\gradle-4.10.1-all\455itskqi2qtf0v2sja68alqd\gradle-4.10.1\lib\gradle-launcher-4.10.1.jar
Launcher Type: SUN_STANDARD

Environment Variables:
JAVA_HOME=C:\Program Files\Java\jdk1.8.0_144
PATH=C:\Program Files (x86)\Common Files\Oracle\Java\javapath;C:\oraclexe\app\oracle\product\11.2.0\server\bin;C:\Program Files (x86)\Common Files\Intel\Shared Libraries\redist\ia32\mpirt;C:\Program Files (x86)\Common Files\Intel\Shared Libraries\redist\ia32\compiler;C:\ProgramData\Oracle\Java\javapath;C:\Program Files (x86)\Intel\iCLS Client\;C:\Program Files\Intel\iCLS Client\;C:\Program Files\Broadcom\Broadcom 802.11;C:\WINDOWS\system32;C:\WINDOWS;C:\WINDOWS\System32\Wbem;C:\WINDOWS\System32\WindowsPowerShell\v1.0\;C:\Program Files\Hewlett-Packard\SimplePass\;C:\Program Files\Intel\Intel(R) Management Engine Components\DAL;C:\Program Files (x86)\Intel\Intel(R) Management Engine Components\DAL;C:\Program Files\Intel\Intel(R) Management Engine Components\IPT;C:\Program Files (x86)\Intel\Intel(R) Management Engine Components\IPT;C:\Program Files\Git\cmd;C:\Program Files\nodejs\;C:\Program Files\Microsoft VS Code\bin;C:\WINDOWS\System32\OpenSSH\;C:\Users\Jorge\AppData\Local\Android\Sdk;"%CLASSPATH%;C:\Junit\junit4.12.jar;.;";"%CLASSPATH%;C:\Junit\junit4.12.jar;.";"%CLASSPATH%;C:\Junit\junit4.12.jar";C:\Program Files\Java\jdk1.8.0_144\bin;C:\Users\Jorge\AppData\Local\Microsoft\WindowsApps;C:\Users\Jorge\Documents\apache-maven-3.5.2\bin;;C:\Program Files\Microsoft VS Code\bin;C:\Users\Jorge\AppData\Roaming\npm
USERNAME=Jorge
OS=Windows_NT
PROCESSOR_IDENTIFIER=Intel64 Family 6 Model 61 Stepping 4, GenuineIntel



---------------  S Y S T E M  ---------------

OS: Windows 10.0 , 64 bit Build 17134 (10.0.17134.648)

CPU:total 4 (initial active 4) (2 cores per cpu, 2 threads per core) family 6 model 61 stepping 4, cmov, cx8, fxsr, mmx, sse, sse2, sse3, ssse3, sse4.1, sse4.2, popcnt, avx, avx2, aes, clmul, erms, 3dnowpref, lzcnt, ht, tsc, tscinvbit, bmi1, bmi2, adx

Memory: 4k page, physical 8309008k(191140k free), swap 8309008k(6436k free)

vm_info: OpenJDK 64-Bit Server VM (25.152-b01) for windows-amd64 JRE (1.8.0_152-release-1248-b01), built by "builder" with MS VC++ 10.0 (VS2010)

time: Sun Mar 24 16:56:02 2019
elapsed time: 3 seconds (0d 0h 0m 3s)

