#
# There is insufficient memory for the Java Runtime Environment to continue.
# Native memory allocation (malloc) failed to allocate 1346736 bytes for Chunk::new
# Possible reasons:
#   The system is out of physical RAM or swap space
#   In 32 bit mode, the process size limit was hit
# Possible solutions:
#   Reduce memory load on the system
#   Increase physical memory or swap space
#   Check if swap backing store is full
#   Use 64 bit Java on a 64 bit OS
#   Decrease Java heap size (-Xmx/-Xms)
#   Decrease number of Java threads
#   Decrease Java thread stack sizes (-Xss)
#   Set larger code cache with -XX:ReservedCodeCacheSize=
# This output file may be truncated or incomplete.
#
#  Out of Memory Error (allocation.cpp:390), pid=1088, tid=0x00000000000018c0
#
# JRE version: OpenJDK Runtime Environment (8.0_152-b01) (build 1.8.0_152-release-1248-b01)
# Java VM: OpenJDK 64-Bit Server VM (25.152-b01 mixed mode windows-amd64 compressed oops)
# Failed to write core dump. Minidumps are not enabled by default on client versions of Windows
#

---------------  T H R E A D  ---------------

Current thread (0x00000000164f5000):  JavaThread "C2 CompilerThread1" daemon [_thread_in_native, id=6336, stack(0x0000000017c60000,0x0000000017d60000)]

Stack: [0x0000000017c60000,0x0000000017d60000]
[error occurred during error reporting (printing stack bounds), id 0xc0000005]

Native frames: (J=compiled Java code, j=interpreted, Vv=VM code, C=native code)


Current CompileTask:
C2:   3451 1486   !   4       java.net.URLClassLoader$1::run (63 bytes)


---------------  P R O C E S S  ---------------

Java Threads: ( => current thread )
  0x00000000164f3800 JavaThread "Cache worker for journal cache (C:\Users\Jorge\.gradle\caches\journal-1)" [_thread_blocked, id=10828, stack(0x000000001c1a0000,0x000000001c2a0000)]
  0x00000000164f2800 JavaThread "Cache worker for file hash cache (C:\Users\Jorge\Desktop\Medical_Lupus\.gradle\4.10.1\fileHashes)" [_thread_blocked, id=10196, stack(0x000000001c0a0000,0x000000001c1a0000)]
  0x000000001ad6b800 JavaThread "File lock request listener" [_thread_in_native, id=6536, stack(0x000000001bfa0000,0x000000001c0a0000)]
  0x000000001adf6000 JavaThread "Cache worker for file hash cache (C:\Users\Jorge\.gradle\caches\4.10.1\fileHashes)" [_thread_blocked, id=10300, stack(0x000000001bea0000,0x000000001bfa0000)]
  0x0000000019578800 JavaThread "Stdin handler" [_thread_blocked, id=6024, stack(0x000000001abd0000,0x000000001acd0000)]
  0x000000001920f000 JavaThread "Asynchronous log dispatcher for DefaultDaemonConnection: socket connection from /127.0.0.1:58331 to /127.0.0.1:58332" [_thread_blocked, id=12148, stack(0x000000001aad0000,0x000000001abd0000)]
  0x0000000019208800 JavaThread "Daemon worker" [_thread_in_vm, id=12272, stack(0x000000001a7d0000,0x000000001a8d0000)]
  0x0000000019208000 JavaThread "Cancel handler" [_thread_blocked, id=10748, stack(0x000000001a6d0000,0x000000001a7d0000)]
  0x00000000191ed000 JavaThread "Handler for socket connection from /127.0.0.1:58331 to /127.0.0.1:58332" [_thread_in_native, id=10512, stack(0x000000001a5d0000,0x000000001a6d0000)]
  0x00000000191eb800 JavaThread "Daemon" [_thread_blocked, id=10284, stack(0x000000001a4d0000,0x000000001a5d0000)]
  0x0000000019445000 JavaThread "Daemon periodic checks" [_thread_blocked, id=9500, stack(0x000000001a3d0000,0x000000001a4d0000)]
  0x0000000019093800 JavaThread "Incoming local TCP Connector on port 58331" [_thread_in_native, id=11052, stack(0x000000001a170000,0x000000001a270000)]
  0x0000000017e98800 JavaThread "Service Thread" daemon [_thread_blocked, id=10832, stack(0x0000000018260000,0x0000000018360000)]
  0x00000000164f2000 JavaThread "C1 CompilerThread2" daemon [_thread_blocked, id=8724, stack(0x0000000017d60000,0x0000000017e60000)]
=>0x00000000164f5000 JavaThread "C2 CompilerThread1" daemon [_thread_in_native, id=6336, stack(0x0000000017c60000,0x0000000017d60000)]
  0x00000000164ed800 JavaThread "C2 CompilerThread0" daemon [_thread_in_native, id=5856, stack(0x0000000017b60000,0x0000000017c60000)]
  0x00000000164eb800 JavaThread "Attach Listener" daemon [_thread_blocked, id=9676, stack(0x0000000017a60000,0x0000000017b60000)]
  0x00000000164ea800 JavaThread "Signal Dispatcher" daemon [_thread_blocked, id=8668, stack(0x0000000017960000,0x0000000017a60000)]
  0x0000000002b7c000 JavaThread "Finalizer" daemon [_thread_blocked, id=9408, stack(0x0000000017740000,0x0000000017840000)]
  0x0000000002b71000 JavaThread "Reference Handler" daemon [_thread_blocked, id=5620, stack(0x0000000017640000,0x0000000017740000)]
  0x000000000297e000 JavaThread "main" [_thread_blocked, id=6392, stack(0x0000000002980000,0x0000000002a80000)]

Other Threads:
  0x00000000164b7800 VMThread [stack: 0x0000000017540000,0x0000000017640000] [id=4164]
  0x0000000016539000 WatcherThread [stack: 0x0000000018360000,0x0000000018460000] [id=10996]

VM state:not at safepoint (normal execution)

VM Mutex/Monitor currently owned by a thread: None

Heap:
 PSYoungGen      total 38400K, used 14617K [0x00000000e0000000, 0x00000000e4b00000, 0x0000000100000000)
  eden space 33280K, 28% used [0x00000000e0000000,0x00000000e094a680,0x00000000e2080000)
  from space 5120K, 99% used [0x00000000e2580000,0x00000000e2a7c030,0x00000000e2a80000)
  to   space 5120K, 0% used [0x00000000e2080000,0x00000000e2080000,0x00000000e2580000)
 ParOldGen       total 87552K, used 5277K [0x00000000a0000000, 0x00000000a5580000, 0x00000000e0000000)
  object space 87552K, 6% used [0x00000000a0000000,0x00000000a0527790,0x00000000a5580000)
 Metaspace       used 17617K, capacity 18078K, committed 18432K, reserved 1064960K
  class space    used 2552K, capacity 2711K, committed 2816K, reserved 1048576K

Card table byte_map: [0x0000000011f40000,0x0000000012250000] byte_map_base: 0x0000000011a40000

Marking Bits: (ParMarkBitMap*) 0x0000000059155aa0
 Begin Bits: [0x0000000012850000, 0x0000000014050000)
 End Bits:   [0x0000000014050000, 0x0000000015850000)

Polling page: 0x0000000000ee0000

CodeCache: size=245760Kb used=5356Kb max_used=5356Kb free=240403Kb
 bounds [0x0000000002b80000, 0x00000000030c0000, 0x0000000011b80000]
 total_blobs=1943 nmethods=1551 adapters=305
 compilation: enabled

Compilation events (10 events):
Event: 3.440 Thread 0x00000000164f2000 1551       3       java.util.concurrent.TimeUnit$1::toMillis (6 bytes)
Event: 3.441 Thread 0x00000000164f2000 nmethod 1551 0x00000000030bb450 code [0x00000000030bb5a0, 0x00000000030bb710]
Event: 3.443 Thread 0x00000000164f2000 1552       3       java.util.Hashtable$Enumerator::hasMoreElements (53 bytes)
Event: 3.443 Thread 0x00000000164f2000 nmethod 1552 0x00000000030bb790 code [0x00000000030bb900, 0x00000000030bbbd0]
Event: 3.443 Thread 0x00000000164f2000 1554       3       java.util.Hashtable$Enumerator::nextElement (111 bytes)
Event: 3.444 Thread 0x00000000164f2000 nmethod 1554 0x00000000030bbd10 code [0x00000000030bbea0, 0x00000000030bc308]
Event: 3.444 Thread 0x00000000164f2000 1553       1       java.util.Hashtable::access$500 (5 bytes)
Event: 3.444 Thread 0x00000000164f2000 nmethod 1553 0x00000000030bc510 code [0x00000000030bc660, 0x00000000030bc750]
Event: 3.444 Thread 0x00000000164f2000 1555       1       java.util.Hashtable$Entry::getKey (5 bytes)
Event: 3.444 Thread 0x00000000164f2000 nmethod 1555 0x00000000030bc7d0 code [0x00000000030bc920, 0x00000000030bca30]

GC Heap History (8 events):
Event: 0.899 GC heap before
{Heap before GC invocations=1 (full 0):
 PSYoungGen      total 38400K, used 33280K [0x00000000e0000000, 0x00000000e2a80000, 0x0000000100000000)
  eden space 33280K, 100% used [0x00000000e0000000,0x00000000e2080000,0x00000000e2080000)
  from space 5120K, 0% used [0x00000000e2580000,0x00000000e2580000,0x00000000e2a80000)
  to   space 5120K, 0% used [0x00000000e2080000,0x00000000e2080000,0x00000000e2580000)
 ParOldGen       total 87552K, used 0K [0x00000000a0000000, 0x00000000a5580000, 0x00000000e0000000)
  object space 87552K, 0% used [0x00000000a0000000,0x00000000a0000000,0x00000000a5580000)
 Metaspace       used 6839K, capacity 7034K, committed 7296K, reserved 1056768K
  class space    used 835K, capacity 879K, committed 896K, reserved 1048576K
Event: 0.904 GC heap after
Heap after GC invocations=1 (full 0):
 PSYoungGen      total 38400K, used 4103K [0x00000000e0000000, 0x00000000e2a80000, 0x0000000100000000)
  eden space 33280K, 0% used [0x00000000e0000000,0x00000000e0000000,0x00000000e2080000)
  from space 5120K, 80% used [0x00000000e2080000,0x00000000e2481f98,0x00000000e2580000)
  to   space 5120K, 0% used [0x00000000e2580000,0x00000000e2580000,0x00000000e2a80000)
 ParOldGen       total 87552K, used 8K [0x00000000a0000000, 0x00000000a5580000, 0x00000000e0000000)
  object space 87552K, 0% used [0x00000000a0000000,0x00000000a0002000,0x00000000a5580000)
 Metaspace       used 6839K, capacity 7034K, committed 7296K, reserved 1056768K
  class space    used 835K, capacity 879K, committed 896K, reserved 1048576K
}
Event: 1.612 GC heap before
{Heap before GC invocations=2 (full 0):
 PSYoungGen      total 38400K, used 37383K [0x00000000e0000000, 0x00000000e2a80000, 0x0000000100000000)
  eden space 33280K, 100% used [0x00000000e0000000,0x00000000e2080000,0x00000000e2080000)
  from space 5120K, 80% used [0x00000000e2080000,0x00000000e2481f98,0x00000000e2580000)
  to   space 5120K, 0% used [0x00000000e2580000,0x00000000e2580000,0x00000000e2a80000)
 ParOldGen       total 87552K, used 8K [0x00000000a0000000, 0x00000000a5580000, 0x00000000e0000000)
  object space 87552K, 0% used [0x00000000a0000000,0x00000000a0002000,0x00000000a5580000)
 Metaspace       used 9823K, capacity 10120K, committed 10368K, reserved 1058816K
  class space    used 1312K, capacity 1392K, committed 1408K, reserved 1048576K
Event: 1.618 GC heap after
Heap after GC invocations=2 (full 0):
 PSYoungGen      total 38400K, used 5107K [0x00000000e0000000, 0x00000000e2a80000, 0x0000000100000000)
  eden space 33280K, 0% used [0x00000000e0000000,0x00000000e0000000,0x00000000e2080000)
  from space 5120K, 99% used [0x00000000e2580000,0x00000000e2a7cd50,0x00000000e2a80000)
  to   space 5120K, 0% used [0x00000000e2080000,0x00000000e2080000,0x00000000e2580000)
 ParOldGen       total 87552K, used 16K [0x00000000a0000000, 0x00000000a5580000, 0x00000000e0000000)
  object space 87552K, 0% used [0x00000000a0000000,0x00000000a0004000,0x00000000a5580000)
 Metaspace       used 9823K, capacity 10120K, committed 10368K, reserved 1058816K
  class space    used 1312K, capacity 1392K, committed 1408K, reserved 1048576K
}
Event: 2.797 GC heap before
{Heap before GC invocations=3 (full 0):
 PSYoungGen      total 38400K, used 38387K [0x00000000e0000000, 0x00000000e2a80000, 0x0000000100000000)
  eden space 33280K, 100% used [0x00000000e0000000,0x00000000e2080000,0x00000000e2080000)
  from space 5120K, 99% used [0x00000000e2580000,0x00000000e2a7cd50,0x00000000e2a80000)
  to   space 5120K, 0% used [0x00000000e2080000,0x00000000e2080000,0x00000000e2580000)
 ParOldGen       total 87552K, used 16K [0x00000000a0000000, 0x00000000a5580000, 0x00000000e0000000)
  object space 87552K, 0% used [0x00000000a0000000,0x00000000a0004000,0x00000000a5580000)
 Metaspace       used 13575K, capacity 13930K, committed 14208K, reserved 1060864K
  class space    used 1913K, capacity 2055K, committed 2176K, reserved 1048576K
Event: 2.807 GC heap after
Heap after GC invocations=3 (full 0):
 PSYoungGen      total 38400K, used 5104K [0x00000000e0000000, 0x00000000e2a80000, 0x0000000100000000)
  eden space 33280K, 0% used [0x00000000e0000000,0x00000000e0000000,0x00000000e2080000)
  from space 5120K, 99% used [0x00000000e2080000,0x00000000e257c2f0,0x00000000e2580000)
  to   space 5120K, 0% used [0x00000000e2580000,0x00000000e2580000,0x00000000e2a80000)
 ParOldGen       total 87552K, used 1965K [0x00000000a0000000, 0x00000000a5580000, 0x00000000e0000000)
  object space 87552K, 2% used [0x00000000a0000000,0x00000000a01eb480,0x00000000a5580000)
 Metaspace       used 13575K, capacity 13930K, committed 14208K, reserved 1060864K
  class space    used 1913K, capacity 2055K, committed 2176K, reserved 1048576K
}
Event: 3.270 GC heap before
{Heap before GC invocations=4 (full 0):
 PSYoungGen      total 38400K, used 38384K [0x00000000e0000000, 0x00000000e2a80000, 0x0000000100000000)
  eden space 33280K, 100% used [0x00000000e0000000,0x00000000e2080000,0x00000000e2080000)
  from space 5120K, 99% used [0x00000000e2080000,0x00000000e257c2f0,0x00000000e2580000)
  to   space 5120K, 0% used [0x00000000e2580000,0x00000000e2580000,0x00000000e2a80000)
 ParOldGen       total 87552K, used 1965K [0x00000000a0000000, 0x00000000a5580000, 0x00000000e0000000)
  object space 87552K, 2% used [0x00000000a0000000,0x00000000a01eb480,0x00000000a5580000)
 Metaspace       used 16722K, capacity 17178K, committed 17408K, reserved 1064960K
  class space    used 2406K, capacity 2545K, committed 2560K, reserved 1048576K
Event: 3.282 GC heap after
Heap after GC invocations=4 (full 0):
 PSYoungGen      total 38400K, used 5104K [0x00000000e0000000, 0x00000000e4b00000, 0x0000000100000000)
  eden space 33280K, 0% used [0x00000000e0000000,0x00000000e0000000,0x00000000e2080000)
  from space 5120K, 99% used [0x00000000e2580000,0x00000000e2a7c030,0x00000000e2a80000)
  to   space 5120K, 0% used [0x00000000e2080000,0x00000000e2080000,0x00000000e2580000)
 ParOldGen       total 87552K, used 5277K [0x00000000a0000000, 0x00000000a5580000, 0x00000000e0000000)
  object space 87552K, 6% used [0x00000000a0000000,0x00000000a0527790,0x00000000a5580000)
 Metaspace       used 16722K, capacity 17178K, committed 17408K, reserved 1064960K
  class space    used 2406K, capacity 2545K, committed 2560K, reserved 1048576K
}

Deoptimization events (10 events):
Event: 2.567 Thread 0x0000000019208800 Uncommon trap: reason=bimorphic action=maybe_recompile pc=0x0000000002e0bd24 method=java.util.HashMap.putVal(ILjava/lang/Object;Ljava/lang/Object;ZZ)Ljava/lang/Object; @ 253
Event: 2.845 Thread 0x0000000019208800 Uncommon trap: reason=class_check action=maybe_recompile pc=0x0000000002e4c704 method=java.util.regex.Matcher.match(II)Z @ 86
Event: 2.862 Thread 0x0000000019208800 Uncommon trap: reason=class_check action=maybe_recompile pc=0x0000000002e4c704 method=java.util.regex.Matcher.match(II)Z @ 86
Event: 2.862 Thread 0x0000000019208800 Uncommon trap: reason=class_check action=maybe_recompile pc=0x0000000002e4c704 method=java.util.regex.Matcher.match(II)Z @ 86
Event: 2.862 Thread 0x0000000019208800 Uncommon trap: reason=class_check action=maybe_recompile pc=0x0000000002e1b65c method=java.util.regex.Matcher.match(II)Z @ 86
Event: 2.974 Thread 0x0000000019208800 Uncommon trap: reason=unstable_if action=reinterpret pc=0x0000000002fc00f4 method=java.lang.String.lastIndexOf([CII[CIII)I @ 66
Event: 3.311 Thread 0x0000000019208800 Uncommon trap: reason=unstable_if action=reinterpret pc=0x0000000002cd9fc8 method=java.net.URI.match(CJJ)Z @ 19
Event: 3.311 Thread 0x0000000019208800 Uncommon trap: reason=unstable_if action=reinterpret pc=0x0000000002dd7a80 method=java.net.URI.match(CJJ)Z @ 19
Event: 3.311 Thread 0x0000000019208800 Uncommon trap: reason=unstable_if action=reinterpret pc=0x0000000002cda748 method=java.net.URI.match(CJJ)Z @ 19
Event: 3.356 Thread 0x0000000019208800 Uncommon trap: reason=unstable_if action=reinterpret pc=0x0000000002e40280 method=java.io.File.getName()Ljava/lang/String; @ 16

Classes redefined (0 events):
No events

Internal exceptions (10 events):
Event: 2.528 Thread 0x00000000191ed000 Exception <a 'java/lang/NoSuchMethodError': <clinit>> (0x00000000e0533610) thrown at [D:\src\AOSP-openjdk-cygwin\jdk8u\hotspot\src\share\vm\prims\jni.cpp, line 1613]
Event: 2.529 Thread 0x00000000191ed000 Exception <a 'java/lang/NoSuchMethodError': <clinit>> (0x00000000e053e260) thrown at [D:\src\AOSP-openjdk-cygwin\jdk8u\hotspot\src\share\vm\prims\jni.cpp, line 1613]
Event: 2.535 Thread 0x00000000191ed000 Exception <a 'java/lang/NoSuchMethodError': <clinit>> (0x00000000e058fa00) thrown at [D:\src\AOSP-openjdk-cygwin\jdk8u\hotspot\src\share\vm\prims\jni.cpp, line 1613]
Event: 2.541 Thread 0x00000000191ed000 Exception <a 'java/lang/NoSuchMethodError': <clinit>> (0x00000000e05c6a48) thrown at [D:\src\AOSP-openjdk-cygwin\jdk8u\hotspot\src\share\vm\prims\jni.cpp, line 1613]
Event: 2.546 Thread 0x00000000191ed000 Exception <a 'java/lang/NoSuchMethodError': <clinit>> (0x00000000e05fcb40) thrown at [D:\src\AOSP-openjdk-cygwin\jdk8u\hotspot\src\share\vm\prims\jni.cpp, line 1613]
Event: 2.547 Thread 0x00000000191ed000 Exception <a 'java/lang/NoSuchMethodError': <clinit>> (0x00000000e0607e88) thrown at [D:\src\AOSP-openjdk-cygwin\jdk8u\hotspot\src\share\vm\prims\jni.cpp, line 1613]
Event: 3.386 Thread 0x0000000019208800 Exception <a 'java/lang/NoSuchMethodError': <clinit>> (0x00000000e064f250) thrown at [D:\src\AOSP-openjdk-cygwin\jdk8u\hotspot\src\share\vm\prims\jni.cpp, line 1613]
Event: 3.387 Thread 0x0000000019208800 Exception <a 'java/lang/NoSuchMethodError': <clinit>> (0x00000000e0651a08) thrown at [D:\src\AOSP-openjdk-cygwin\jdk8u\hotspot\src\share\vm\prims\jni.cpp, line 1613]
Event: 3.388 Thread 0x0000000019208800 Exception <a 'java/lang/NoSuchMethodError': <clinit>> (0x00000000e065dd20) thrown at [D:\src\AOSP-openjdk-cygwin\jdk8u\hotspot\src\share\vm\prims\jni.cpp, line 1613]
Event: 3.393 Thread 0x0000000019208800 Exception <a 'java/lang/NoSuchMethodError': <clinit>> (0x00000000e0670e70) thrown at [D:\src\AOSP-openjdk-cygwin\jdk8u\hotspot\src\share\vm\prims\jni.cpp, line 1613]

Events (10 events):
Event: 3.447 loading class org/gradle/api/internal/artifacts/GlobalDependencyResolutionRules
Event: 3.447 loading class org/gradle/api/internal/artifacts/GlobalDependencyResolutionRules done
Event: 3.447 loading class org/gradle/api/internal/artifacts/transform/ArtifactTransforms
Event: 3.447 loading class org/gradle/api/internal/artifacts/transform/ArtifactTransforms done
Event: 3.448 loading class org/gradle/api/internal/artifacts/ConfigurationResolver
Event: 3.448 loading class org/gradle/api/internal/artifacts/ConfigurationResolver done
Event: 3.448 loading class org/gradle/api/internal/artifacts/ArtifactPublicationServices
Event: 3.448 loading class org/gradle/api/internal/artifacts/ArtifactPublicationServices done
Event: 3.449 loading class org/gradle/api/internal/artifacts/query/ArtifactResolutionQueryFactory
Event: 3.449 loading class org/gradle/api/internal/artifacts/query/ArtifactResolutionQueryFactory done


Dynamic libraries:
0x00007ff630350000 - 0x00007ff630381000 	C:\Program Files\Android\Android Studio\jre\bin\java.exe
0x00007fffd5450000 - 0x00007fffd5631000 	C:\WINDOWS\SYSTEM32\ntdll.dll
0x00007fffcdce0000 - 0x00007fffcdcf2000 	C:\Program Files\AVAST Software\Avast\aswhook.dll
0x00007fffd50c0000 - 0x00007fffd5172000 	C:\WINDOWS\System32\KERNEL32.DLL
0x00007fffd22c0000 - 0x00007fffd2533000 	C:\WINDOWS\System32\KERNELBASE.dll
0x00007fffd4cb0000 - 0x00007fffd4d51000 	C:\WINDOWS\System32\ADVAPI32.dll
0x00007fffd4880000 - 0x00007fffd491e000 	C:\WINDOWS\System32\msvcrt.dll
0x00007fffd5200000 - 0x00007fffd525b000 	C:\WINDOWS\System32\sechost.dll
0x00007fffd4750000 - 0x00007fffd4874000 	C:\WINDOWS\System32\RPCRT4.dll
0x00007fffd4ec0000 - 0x00007fffd5050000 	C:\WINDOWS\System32\USER32.dll
0x00007fffd1820000 - 0x00007fffd1840000 	C:\WINDOWS\System32\win32u.dll
0x00007fffd4d60000 - 0x00007fffd4d88000 	C:\WINDOWS\System32\GDI32.dll
0x00007fffd20c0000 - 0x00007fffd2252000 	C:\WINDOWS\System32\gdi32full.dll
0x00007fffd1890000 - 0x00007fffd192f000 	C:\WINDOWS\System32\msvcp_win.dll
0x00007fffd25f0000 - 0x00007fffd26e8000 	C:\WINDOWS\System32\ucrtbase.dll
0x00007fffc69c0000 - 0x00007fffc6c29000 	C:\WINDOWS\WinSxS\amd64_microsoft.windows.common-controls_6595b64144ccf1df_6.0.17134.648_none_fb45a0e93062a6d2\COMCTL32.dll
0x00007fffd2990000 - 0x00007fffd2cb2000 	C:\WINDOWS\System32\combase.dll
0x00007fffd2040000 - 0x00007fffd20ba000 	C:\WINDOWS\System32\bcryptPrimitives.dll
0x00007fffd4e80000 - 0x00007fffd4ead000 	C:\WINDOWS\System32\IMM32.DLL
0x00000000588b0000 - 0x0000000058982000 	C:\Program Files\Android\Android Studio\jre\jre\bin\msvcr100.dll
0x0000000058990000 - 0x00000000591d1000 	C:\Program Files\Android\Android Studio\jre\jre\bin\server\jvm.dll
0x00007fffd2e10000 - 0x00007fffd2e18000 	C:\WINDOWS\System32\PSAPI.DLL
0x00007fffd04d0000 - 0x00007fffd04d9000 	C:\WINDOWS\SYSTEM32\WSOCK32.dll
0x00007fffd4920000 - 0x00007fffd498c000 	C:\WINDOWS\System32\WS2_32.dll
0x00007fffc6e10000 - 0x00007fffc6e33000 	C:\WINDOWS\SYSTEM32\WINMM.dll
0x00007fffc68a0000 - 0x00007fffc68aa000 	C:\WINDOWS\SYSTEM32\VERSION.dll
0x00007fffc6900000 - 0x00007fffc692a000 	C:\WINDOWS\SYSTEM32\WINMMBASE.dll
0x00007fffd1840000 - 0x00007fffd1889000 	C:\WINDOWS\System32\cfgmgr32.dll
0x00007fffcb560000 - 0x00007fffcb56f000 	C:\Program Files\Android\Android Studio\jre\jre\bin\verify.dll
0x00007fffb0750000 - 0x00007fffb0779000 	C:\Program Files\Android\Android Studio\jre\jre\bin\java.dll
0x00007fffc9170000 - 0x00007fffc9186000 	C:\Program Files\Android\Android Studio\jre\jre\bin\zip.dll
0x00007fffd2e20000 - 0x00007fffd4260000 	C:\WINDOWS\System32\SHELL32.dll
0x00007fffd28e0000 - 0x00007fffd2989000 	C:\WINDOWS\System32\shcore.dll
0x00007fffd1930000 - 0x00007fffd203d000 	C:\WINDOWS\System32\windows.storage.dll
0x00007fffd2cc0000 - 0x00007fffd2d11000 	C:\WINDOWS\System32\shlwapi.dll
0x00007fffd1800000 - 0x00007fffd1811000 	C:\WINDOWS\System32\kernel.appcore.dll
0x00007fffd17c0000 - 0x00007fffd17df000 	C:\WINDOWS\System32\profapi.dll
0x00007fffd1760000 - 0x00007fffd17ac000 	C:\WINDOWS\System32\powrprof.dll
0x00007fffd17b0000 - 0x00007fffd17ba000 	C:\WINDOWS\System32\FLTLIB.DLL
0x00007fffb00b0000 - 0x00007fffb00ca000 	C:\Program Files\Android\Android Studio\jre\jre\bin\net.dll
0x00007fffd0f80000 - 0x00007fffd0fe6000 	C:\WINDOWS\system32\mswsock.dll
0x00007fffb0090000 - 0x00007fffb00a1000 	C:\Program Files\Android\Android Studio\jre\jre\bin\nio.dll
0x00007fffc9870000 - 0x00007fffc988e000 	C:\Users\Jorge\.gradle\native\25\windows-amd64\native-platform.dll
0x00007fffc98e0000 - 0x00007fffc98ed000 	C:\Program Files\Android\Android Studio\jre\jre\bin\management.dll
0x00007fffd1130000 - 0x00007fffd1147000 	C:\WINDOWS\SYSTEM32\CRYPTSP.dll
0x00007fffd0b60000 - 0x00007fffd0b93000 	C:\WINDOWS\system32\rsaenh.dll
0x00007fffd1260000 - 0x00007fffd1285000 	C:\WINDOWS\SYSTEM32\bcrypt.dll
0x00007fffd1690000 - 0x00007fffd16b8000 	C:\WINDOWS\SYSTEM32\USERENV.dll
0x00007fffd1150000 - 0x00007fffd115b000 	C:\WINDOWS\SYSTEM32\CRYPTBASE.dll
0x00007fffd0d00000 - 0x00007fffd0d38000 	C:\WINDOWS\SYSTEM32\IPHLPAPI.DLL
0x00007fffd4eb0000 - 0x00007fffd4eb8000 	C:\WINDOWS\System32\NSI.dll
0x00007fffc9d20000 - 0x00007fffc9d36000 	C:\WINDOWS\SYSTEM32\dhcpcsvc6.DLL
0x00007fffc9a00000 - 0x00007fffc9a1a000 	C:\WINDOWS\SYSTEM32\dhcpcsvc.DLL

VM Arguments:
jvm_args: -Xmx1536m -Dfile.encoding=windows-1252 -Duser.country=MX -Duser.language=es -Duser.variant 
java_command: org.gradle.launcher.daemon.bootstrap.GradleDaemon 4.10.1
java_class_path (initial): C:\Users\Jorge\.gradle\wrapper\dists\gradle-4.10.1-all\455itskqi2qtf0v2sja68alqd\gradle-4.10.1\lib\gradle-launcher-4.10.1.jar
Launcher Type: SUN_STANDARD

Environment Variables:
JAVA_HOME=C:\Program Files\Java\jdk1.8.0_144
PATH=C:\Program Files (x86)\Common Files\Oracle\Java\javapath;C:\oraclexe\app\oracle\product\11.2.0\server\bin;C:\Program Files (x86)\Common Files\Intel\Shared Libraries\redist\ia32\mpirt;C:\Program Files (x86)\Common Files\Intel\Shared Libraries\redist\ia32\compiler;C:\ProgramData\Oracle\Java\javapath;C:\Program Files (x86)\Intel\iCLS Client\;C:\Program Files\Intel\iCLS Client\;C:\Program Files\Broadcom\Broadcom 802.11;C:\WINDOWS\system32;C:\WINDOWS;C:\WINDOWS\System32\Wbem;C:\WINDOWS\System32\WindowsPowerShell\v1.0\;C:\Program Files\Hewlett-Packard\SimplePass\;C:\Program Files\Intel\Intel(R) Management Engine Components\DAL;C:\Program Files (x86)\Intel\Intel(R) Management Engine Components\DAL;C:\Program Files\Intel\Intel(R) Management Engine Components\IPT;C:\Program Files (x86)\Intel\Intel(R) Management Engine Components\IPT;C:\Program Files\Git\cmd;C:\Program Files\nodejs\;C:\Program Files\Microsoft VS Code\bin;C:\WINDOWS\System32\OpenSSH\;C:\Users\Jorge\AppData\Local\Android\Sdk;"%CLASSPATH%;C:\Junit\junit4.12.jar;.;";"%CLASSPATH%;C:\Junit\junit4.12.jar;.";"%CLASSPATH%;C:\Junit\junit4.12.jar";C:\Program Files\Java\jdk1.8.0_144\bin;C:\Users\Jorge\AppData\Local\Microsoft\WindowsApps;C:\Users\Jorge\Documents\apache-maven-3.5.2\bin;;C:\Program Files\Microsoft VS Code\bin;C:\Users\Jorge\AppData\Roaming\npm
USERNAME=Jorge
OS=Windows_NT
PROCESSOR_IDENTIFIER=Intel64 Family 6 Model 61 Stepping 4, GenuineIntel



---------------  S Y S T E M  ---------------

OS: Windows 10.0 , 64 bit Build 17134 (10.0.17134.648)

CPU:total 4 (initial active 4) (2 cores per cpu, 2 threads per core) family 6 model 61 stepping 4, cmov, cx8, fxsr, mmx, sse, sse2, sse3, ssse3, sse4.1, sse4.2, popcnt, avx, avx2, aes, clmul, erms, 3dnowpref, lzcnt, ht, tsc, tscinvbit, bmi1, bmi2, adx

Memory: 4k page, physical 8309008k(202552k free), swap 8309008k(5192k free)

vm_info: OpenJDK 64-Bit Server VM (25.152-b01) for windows-amd64 JRE (1.8.0_152-release-1248-b01), built by "builder" with MS VC++ 10.0 (VS2010)

time: Sun Mar 24 16:56:14 2019
elapsed time: 3 seconds (0d 0h 0m 3s)

